<?xml version="1.0" encoding="UTF-8"?>
<!-- Generated by org.testng.reporters.JUnitReportReporter -->
<testsuite skipped="0" hostname="DESKTOP-QONR7Q2" name="com.cnet.automation.framework.runner.LoginRunner" tests="1" failures="0" timestamp="09 Mar 2018 21:05:11 GMT" time="0.476" errors="0">
  <testcase name="feature" time="0.476" classname="com.cnet.automation.framework.runner.LoginRunner"/>
</testsuite> <!-- com.cnet.automation.framework.runner.LoginRunner -->
